<?xml version="1.0" encoding="UTF-8"?>
<!-- Generated by org.testng.reporters.JUnitReportReporter -->
<testsuite hostname="DESKTOP-JC9JIOA" failures="0" tests="1" name="com.selenium.webobject.Code_For_IFrame_3" time="65.053" errors="0" timestamp="2022-07-23T13:18:53 IST" skipped="0">
  <testcase classname="com.selenium.webobject.Code_For_IFrame_3" name="Code_For_IFrame_Test" time="65.053"/>
  <system-out/>
</testsuite> <!-- com.selenium.webobject.Code_For_IFrame_3 -->
