<?xml version="1.0" encoding="UTF-8"?>
<!-- Generated by org.testng.reporters.JUnitReportReporter -->
<testsuite hostname="DESKTOP-JC9JIOA" failures="0" tests="2" name="com.itview.testing.HardAssertTest" time="9.870" errors="0" timestamp="2022-07-17T00:53:34 IST" skipped="0">
  <testcase classname="com.itview.testing.HardAssertTest" name="loginTest" time="5.457"/>
  <system-out/>
  <testcase classname="com.itview.testing.HardAssertTest" name="logoutTest" time="4.413"/>
  <system-out/>
</testsuite> <!-- com.itview.testing.HardAssertTest -->
