<?xml version="1.0" encoding="UTF-8"?>
<!-- Generated by org.testng.reporters.JUnitReportReporter -->
<testsuite hostname="DESKTOP-JC9JIOA" failures="0" tests="1" name="com.itview.testing.LoginOrangeHRM" time="60.241" errors="0" timestamp="2022-07-17T00:42:15 IST" skipped="0">
  <testcase classname="com.itview.testing.LoginOrangeHRM" name="loginOrangeHRM" time="60.241"/>
  <system-out/>
</testsuite> <!-- com.itview.testing.LoginOrangeHRM -->
