<?xml version="1.0" encoding="UTF-8"?>
<!-- Generated by org.testng.reporters.JUnitReportReporter -->
<testsuite hostname="DESKTOP-JC9JIOA" failures="0" tests="1" name="com.selenium.webobject.Code_For_Alert_2" time="44.337" errors="0" timestamp="2022-07-23T13:06:34 IST" skipped="0">
  <testcase classname="com.selenium.webobject.Code_For_Alert_2" name="Code_For_Alert_Test" time="44.337"/>
  <system-out/>
</testsuite> <!-- com.selenium.webobject.Code_For_Alert_2 -->
