<?xml version="1.0" encoding="UTF-8"?>
<!-- Generated by org.testng.reporters.JUnitReportReporter -->
<testsuite hostname="DESKTOP-JC9JIOA" failures="0" tests="1" name="com.selenium.webobject.Code_For_WindowTab_8" time="54.061" errors="0" timestamp="2022-07-24T12:47:58 IST" skipped="0">
  <testcase classname="com.selenium.webobject.Code_For_WindowTab_8" name="tabFlipkart" time="54.061"/>
  <system-out/>
</testsuite> <!-- com.selenium.webobject.Code_For_WindowTab_8 -->
