<?xml version="1.0" encoding="UTF-8"?>
<!-- Generated by org.testng.reporters.JUnitReportReporter -->
<testsuite hostname="DESKTOP-JC9JIOA" failures="0" tests="3" name="com.itview.testing.LoginMutualFund" time="50.457" errors="0" timestamp="2022-07-17T00:42:15 IST" skipped="0">
  <testcase classname="com.itview.testing.LoginMutualFund" name="loginAdmin" time="21.123"/>
  <system-out/>
  <testcase classname="com.itview.testing.LoginMutualFund" name="loginJsmith" time="11.068"/>
  <system-out/>
  <testcase classname="com.itview.testing.LoginMutualFund" name="loginTestUser" time="18.266"/>
  <system-out/>
</testsuite> <!-- com.itview.testing.LoginMutualFund -->
