<?xml version="1.0" encoding="UTF-8"?>
<!-- Generated by org.testng.reporters.JUnitReportReporter -->
<testsuite hostname="DESKTOP-JC9JIOA" failures="0" tests="4" name="com.itview.testing.All_Annotations" time="0.021" errors="0" timestamp="2022-07-23T00:10:25 IST" skipped="0">
  <testcase classname="com.itview.testing.All_Annotations" name="test1" time="0.011"/>
  <system-out/>
  <testcase classname="com.itview.testing.All_Annotations" name="test4" time="0.004"/>
  <system-out/>
  <testcase classname="com.itview.testing.All_Annotations" name="test2" time="0.002"/>
  <system-out/>
  <testcase classname="com.itview.testing.All_Annotations" name="test3" time="0.004"/>
  <system-out/>
</testsuite> <!-- com.itview.testing.All_Annotations -->
