<?xml version="1.0" encoding="UTF-8"?>
<!-- Generated by org.testng.reporters.JUnitReportReporter -->
<testsuite hostname="DESKTOP-JC9JIOA" failures="0" tests="1" name="com.selenium.webobject.Code_For_KeyboardHandle_6" time="45.894" errors="0" timestamp="2022-07-24T12:35:33 IST" skipped="0">
  <testcase classname="com.selenium.webobject.Code_For_KeyboardHandle_6" name="Code_For_KeyboardHandle_Test" time="45.894"/>
  <system-out/>
</testsuite> <!-- com.selenium.webobject.Code_For_KeyboardHandle_6 -->
