<?xml version="1.0" encoding="UTF-8"?>
<!-- Generated by org.testng.reporters.JUnitReportReporter -->
<testsuite hostname="DESKTOP-JC9JIOA" failures="0" tests="4" name="com.itview.testing.BesicWebObject" time="53.960" errors="0" timestamp="2022-07-23T12:59:47 IST" skipped="0">
  <testcase classname="com.itview.testing.BesicWebObject" name="handleTextBox" time="52.790"/>
  <system-out/>
  <testcase classname="com.itview.testing.BesicWebObject" name="handleRadioCheckbox" time="0.364"/>
  <system-out/>
  <testcase classname="com.itview.testing.BesicWebObject" name="handleDropDownList" time="0.206"/>
  <system-out/>
  <testcase classname="com.itview.testing.BesicWebObject" name="printValueFromDropDown" time="0.600"/>
  <system-out/>
</testsuite> <!-- com.itview.testing.BesicWebObject -->
